C51 COMPILER V9.60.0.0   KEY                                                               11/25/2021 00:09:45 PAGE 1   


C51 COMPILER V9.60.0.0, COMPILATION OF MODULE KEY
OBJECT MODULE PLACED IN .\Objects\key.obj
COMPILER INVOKED BY: D:\Program Files\Keil_C51\C51\BIN\C51.EXE ..\SRC\key.c OPTIMIZE(8,SPEED) BROWSE INCDIR(..\SRC) DEBU
                    -G OBJECTEXTEND PRINT(.\Listings\key.lst) OBJECT(.\Objects\key.obj)

line level    source

   1          #include "key.h"
   2          #include <STC12C2052AD.H>
   3          //3.3
   4          //3.2
   5          // 7 6 5 4 3 2 1 0
   6          
   7          
   8          
   9          
  10          


MODULE INFORMATION:   STATIC OVERLAYABLE
   CODE SIZE        =   ----    ----
   CONSTANT SIZE    =   ----    ----
   XDATA SIZE       =   ----    ----
   PDATA SIZE       =   ----    ----
   DATA SIZE        =   ----    ----
   IDATA SIZE       =   ----    ----
   BIT SIZE         =   ----    ----
END OF MODULE INFORMATION.


C51 COMPILATION COMPLETE.  0 WARNING(S),  0 ERROR(S)
