C51 COMPILER V9.60.0.0   MAIN                                                              11/27/2021 00:11:31 PAGE 1   


C51 COMPILER V9.60.0.0, COMPILATION OF MODULE MAIN
OBJECT MODULE PLACED IN .\Objects\main.obj
COMPILER INVOKED BY: D:\Program Files\Keil_C51\C51\BIN\C51.EXE ..\SRC\main.c OPTIMIZE(8,SPEED) BROWSE INCDIR(..\SRC) DEB
                    -UG OBJECTEXTEND PRINT(.\Listings\main.lst) OBJECT(.\Objects\main.obj)

line level    source

   1          #include <STC12C2052AD.H>
   2          #include "oled.h"
   3          #include "key.h"
   4          
   5          #define uchar unsigned char
   6          #define uint  unsigned int
   7          #define ulong unsigned long
   8          
   9          uchar cKeyCode;
  10          uchar cKey;
  11          static uchar temper = 250;
  12          uchar baiwei;
  13          uchar shiwei;
  14          uchar geiwei;
  15          bit   bStill;                                           
  16          uint  nDelayKey;
  17          
  18          void DisposeKey()
  19          {
  20   1          switch(cKeyCode)
  21   1              {
  22   2              case 4:  
  23   2                  temper = temper + 10;
  24   2                  nDelayKey = 120;    
  25   2                  break;
  26   2              case 8:
  27   2                  temper = temper - 10;
  28   2                  nDelayKey = 120;
  29   2                  break;
  30   2              }
  31   1              cKeyCode = 0;
  32   1      }
  33          
  34          void SetTemper()
  35          {
  36   1          baiwei = temper / 100;
  37   1          shiwei = temper / 10 % 10;
  38   1          geiwei = temper % 10;
  39   1      }
  40          
  41          int main(void)
  42          {
  43   1              TMOD= 0x12;
  44   1              TH1 = -18;                                                                      
  45   1              TR1 = 1;
  46   1              ET1 = 1;
  47   1              EA =1;
  48   1              OLED_Init();  
  49   1          //P33 = 1;
  50   1              while(1)
  51   1              {
  52   2              DisposeKey();
  53   2              SetTemper(); 
  54   2            /*  if(P32 == 1)
C51 COMPILER V9.60.0.0   MAIN                                                              11/27/2021 00:11:31 PAGE 2   

  55   2              {
  56   2                  putA(1,5,0);
  57   2                  //delay_ms(2);
  58   2                  //temper = temper - 10;
  59   2              }
  60   2              else                    //
  61   2              {
  62   2                  putA(1,5,1);
  63   2              }   */     
  64   2              putA(1,1,17);
  65   2              putA(2,1,10);
  66   2              putA(3,1,11);
  67   2              putA(4,1,12);   
  68   2              putA(5,1,15);
  69   2              putA(6,1,17);
  70   2              putA(7,1,baiwei);
  71   2              putA(8,1,shiwei);
  72   2              putA(9,1,geiwei);
  73   2              //putA(10,1,16);
  74   2              //putA(11,1,8);
  75   2              putA(12,1,17);
  76   2              putA(13,1,14);
  77   2              putA(1,2,17);
  78   2              putA(2,2,13);
  79   2              putA(3,2,11);
  80   2              putA(4,2,12);
  81   2              putA(5,2,15);
  82   2              putA(6,2,17);
  83   2          }
  84   1          
  85   1      }
  86          
  87          void  IntT1() interrupt 3
  88          {  
  89   1              TH1 = -9;
  90   1              if(nDelayKey == 0)
  91   1              {
  92   2                      cKey = P3 & 0x0c;       
  93   2                      if(cKey != 0x0c)
  94   2                              nDelayKey = 4;
  95   2                      else
  96   2                      {
  97   3                              bStill = 0;
  98   3                      }                                               
  99   2              }
 100   1              else                                            
 101   1              {
 102   2                      nDelayKey--;
 103   2                      if(nDelayKey == 0)
 104   2                      {
 105   3                              cKeyCode = P3 & 0x0c;
 106   3                              if(cKey != cKeyCode)
 107   3                              {
 108   4                                      cKeyCode = 0;                           
 109   4                              }
 110   3                      }
 111   2              }
 112   1      }
 113          
 114          void exint0() interrupt 0
 115          {
 116   1          delay_ms(50); 
C51 COMPILER V9.60.0.0   MAIN                                                              11/27/2021 00:11:31 PAGE 3   

 117   1              temper--;
 118   1      }


MODULE INFORMATION:   STATIC OVERLAYABLE
   CODE SIZE        =    400    ----
   CONSTANT SIZE    =   ----    ----
   XDATA SIZE       =   ----    ----
   PDATA SIZE       =   ----    ----
   DATA SIZE        =      8    ----
   IDATA SIZE       =   ----    ----
   BIT SIZE         =      1    ----
END OF MODULE INFORMATION.


C51 COMPILATION COMPLETE.  0 WARNING(S),  0 ERROR(S)
