C51 COMPILER V9.60.0.0   WAVE                                                              11/23/2021 23:19:31 PAGE 1   


C51 COMPILER V9.60.0.0, COMPILATION OF MODULE WAVE
OBJECT MODULE PLACED IN .\Objects\wave.obj
COMPILER INVOKED BY: D:\Program Files\Keil_C51\C51\BIN\C51.EXE wave.c OPTIMIZE(8,SPEED) BROWSE DEBUG OBJECTEXTEND PRINT(
                    -.\Listings\wave.lst) TABS(2) OBJECT(.\Objects\wave.obj)

line level    source

   1          #include"at89x52.h"
   2          #include"math.h"
   3          #define uchar unsigned char
   4          #define uint  unsigned int
   5          #define ulong unsigned long
   6          #define Pi 3.14
   7          
   8          uchar code acLEDCS[]={0xfe,0xfd,0xfb,0xf7}; /* 位选地址码，“0”有效，位选接的是P2口高4位 */
   9          uchar code acLedSegCode[]={0x3f,0x06,0x5b,0x4f,0x66,0x6d,0x7d,0x07,0x7f,0x6f,0x77,0x7c};/* 段码 */
  10          uchar acLED[4];             /* 显示缓冲区 */
  11          char  cScanIndex;           /* 位选指针0~3 */
  12          
  13          uchar  cKey;              /* 初始键值 */
  14          uchar  cKeyCode;            /* 键值 */
  15          bit   bStill;             /* 是否松键标志 */
  16          char  cMode = 1;              /* 显示方式变量，0~3对应4种方式 */
  17          uint  nTimer;             /* 定时计数变量，为定时中断间隔时间的整数倍 */
  18          uint  nDelayKey;            /* 键盘延时变量，为定时中断间隔时间的整数倍 */
  19          //根据不同题目再添加一些变量
  20          uint Feq = 49;
  21          uchar num = 0;
  22          uchar idata cDA_Data[128];
  23          
  24          /* 联合变量（大名2字节，小名2*1字节保存在同一物理空间），可用于定时器初值计算，控制中断周期 */
  25          union Freq                        
  26          {
  27            uint T;
  28            uchar t[2];
  29          }idata uT;
  30          
  31          /************************* 数码管显示函数 ***************************/
  32          void display()      
  33          {         // 添加要显示的数据
  34   1        acLED[1] = acLedSegCode[Feq / 100]; /* LED显示第2位 */
  35   1        acLED[2] = acLedSegCode[Feq / 10 % 10]; /* LED显示第3位 */
  36   1        acLED[3] = acLedSegCode[Feq % 10];    /* LED显示第4位 */
  37   1      }
  38          
  39          void DisposeWave()
  40          {
  41   1        uchar i;
  42   1        uchar j;
  43   1        if (cMode == 1)
  44   1        {
  45   2          for(i = 0; i < 64; i++)
  46   2          {
  47   3            cDA_Data[i] = i << 2;
  48   3          }
  49   2          j = 64;
  50   2          for (i = 0; i < 64 ; i++)
  51   2          {
  52   3            cDA_Data[i+64] = 255 - i << 2;
  53   3          }
  54   2        }
C51 COMPILER V9.60.0.0   WAVE                                                              11/23/2021 23:19:31 PAGE 2   

  55   1        else
  56   1        {
  57   2          for(i = 0; i < 128; i++)
  58   2            cDA_Data[i] = 128 + 127 * sin(Pi * i / 64);
  59   2        }
  60   1        uT.T = 18 - (int)(14400 / Feq);
  61   1        TL0 = uT.t[1];
  62   1        TH0 = uT.t[0];
  63   1      }
  64          
  65          /******************** 按键处理程序 ******************/
  66          void DisposeKEY()
  67          {
  68   1        switch(cKeyCode)
  69   1        {
  70   2        case 6: 
  71   2          Feq++;
  72   2          nDelayKey = 120;  
  73   2          break;
  74   2        case 5: 
  75   2          Feq--;
  76   2          nDelayKey = 120;
  77   2          break;
  78   2        case 3: 
  79   2          cMode++;
  80   2          cMode &= 1;
  81   2          nDelayKey = 160;
  82   2          break;
  83   2        }
  84   1        DisposeWave();
  85   1        display();
  86   1        cKeyCode = 0;
  87   1      }
  88          /************************** 主函数 *****************************/
  89          void main(void)
  90          {
  91   1        TMOD= 0x11;
  92   1        TH1 = -9;                 
  93   1        TR1 = 1;
  94   1        ET1 = 1;
  95   1        EA = 1;
  96   1        TR0 = 1;
  97   1        ET0 = 1;
  98   1        DisposeWave();      
  99   1        acLED[0] = 0x71;  /* LED显示第1位 */
 100   1        display(); 
 101   1        while(1)
 102   1        {
 103   2          if(cKeyCode)
 104   2          {
 105   3            DisposeKEY(); 
 106   3          }
 107   2        }
 108   1      }
 109          void IntT0() interrupt 1
 110          {
 111   1        TL0 = uT.t[1];
 112   1        TH0 = uT.t[0];
 113   1        P1 = cDA_Data[num++];
 114   1        num &= 127; 
 115   1      }
 116          
C51 COMPILER V9.60.0.0   WAVE                                                              11/23/2021 23:19:31 PAGE 3   

 117          void  IntT1() interrupt 3
 118          {  
 119   1        TH1 = -18;
 120   1        P0 = 0;
 121   1        P2 = 0xef;
 122   1        
 123   1        if(nDelayKey == 0)
 124   1        {
 125   2          cKey = P2 & 0x07; 
 126   2          if(cKey != 0x07)
 127   2            nDelayKey = 4;
 128   2          else
 129   2          {
 130   3            bStill = 0;
 131   3          }           
 132   2        }
 133   1        else              
 134   1        {
 135   2          nDelayKey--;
 136   2          if(nDelayKey == 0)
 137   2          {
 138   3            cKeyCode = P2 & 0x07;
 139   3            if(cKey != cKeyCode)
 140   3            {
 141   4              cKeyCode = 0;       
 142   4            }
 143   3          }
 144   2        }
 145   1        P2 = acLEDCS[cScanIndex];
 146   1        P0 = acLED[cScanIndex++]; 
 147   1        cScanIndex &= 3;
 148   1      }


MODULE INFORMATION:   STATIC OVERLAYABLE
   CODE SIZE        =    541    ----
   CONSTANT SIZE    =     16    ----
   XDATA SIZE       =   ----    ----
   PDATA SIZE       =   ----    ----
   DATA SIZE        =     15       2
   IDATA SIZE       =    130    ----
   BIT SIZE         =      1    ----
END OF MODULE INFORMATION.


C51 COMPILATION COMPLETE.  0 WARNING(S),  0 ERROR(S)
